\BOOKMARK [0][-]{chapter*.2}{\376\377\000\332\000v\000o\000d}{}% 1
\BOOKMARK [0][-]{chapter.1}{\376\377\0001\000\040\000C\000i\000e\000l\000e\000\040\000p\000r\000a\000c\000e\000\040\000\050\000F\000o\000r\000m\000u\000l\000a\000c\000i\000a\000\040\000u\000l\000o\000h\000y\000\051}{}% 2
\BOOKMARK [0][-]{chapter.2}{\376\377\0002\000\040\000M\000a\000t\000e\000m\000a\000t\000i\000c\000k\000\351\000\040\000z\000\341\000k\000l\000a\000d\000y\000\040\000k\000v\000a\000n\000t\000o\000v\000\375\000c\000h\000\040\000s\000y\000s\000t\000\351\000m\000o\000v}{}% 3
\BOOKMARK [1][-]{section.2.1}{\376\377\0002\000.\0001\000\040\000M\000a\000t\000i\000c\000e}{chapter.2}% 4
\BOOKMARK [2][-]{subsection.2.1.1}{\376\377\0002\000.\0001\000.\0001\000\040\000N\000\341\000s\000o\000b\000e\000n\000i\000e\000\040\000m\000a\000t\000i\000c\000e\000\040\000s\000k\000a\000l\000\341\000r\000o\000m}{section.2.1}% 5
\BOOKMARK [2][-]{subsection.2.1.2}{\376\377\0002\000.\0001\000.\0002\000\040\000N\000\341\000s\000o\000b\000e\000n\000i\000e\000\040\000m\000a\000t\000\355\000c}{section.2.1}% 6
\BOOKMARK [2][-]{subsection.2.1.3}{\376\377\0002\000.\0001\000.\0003\000\040\000T\000r\000a\000n\000s\000p\000o\000z\000\355\000c\000i\000a\000\040\000m\000a\000t\000i\000c\000e}{section.2.1}% 7
\BOOKMARK [2][-]{subsection.2.1.4}{\376\377\0002\000.\0001\000.\0004\000\040\000T\000e\000n\000z\000o\000r\000o\000v\000\375\000\040\000s\000\372\001\015\000i\000n\000\040\000m\000a\000t\000\355\000c}{section.2.1}% 8
\BOOKMARK [1][-]{section.2.2}{\376\377\0002\000.\0002\000\040\000K\000o\000m\000p\000l\000e\000x\000n\000\351\000\040\001\015\000\355\000s\000l\000a}{chapter.2}% 9
\BOOKMARK [2][-]{subsection.2.2.1}{\376\377\0002\000.\0002\000.\0001\000\040\000O\000p\000e\000r\000\341\000c\000i\000e\000\040\000n\000a\000\040\000m\000n\000o\001\176\000i\000n\000e\000\040\000k\000o\000m\000p\000l\000e\000x\000\375\000c\000h\000\040\001\015\000\355\000s\000e\000l}{section.2.2}% 10
\BOOKMARK [2][-]{subsection.2.2.2}{\376\377\0002\000.\0002\000.\0002\000\040\000Z\000\341\000k\000l\000a\000d\000n\000\351\000\040\000c\000h\000a\000r\000a\000k\000t\000e\000r\000i\000s\000t\000i\000k\000y\000\040\000k\000o\000m\000p\000l\000e\000x\000n\000\375\000c\000h\000\040\001\015\000\355\000s\000e\000l}{section.2.2}% 11
\BOOKMARK [1][-]{section.2.3}{\376\377\0002\000.\0003\000\040\000V\000e\000k\000t\000o\000r\000y}{chapter.2}% 12
\BOOKMARK [1][-]{section.2.4}{\376\377\0002\000.\0004\000\040\000P\000o\000j\000m\000i\000\040\000a\000\040\000d\000e\000f\000i\000n\000\355\000c\000i\000e}{chapter.2}% 13
\BOOKMARK [0][-]{chapter.3}{\376\377\0003\000\040\000T\000e\000o\000r\000e\000t\000i\000c\000k\000\351\000\040\000z\000\341\000k\000l\000a\000d\000y\000\040\000k\000v\000a\000n\000t\000o\000v\000\375\000c\000h\000\040\000s\000y\000s\000t\000\351\000m\000o\000v}{}% 14
\BOOKMARK [1][-]{section.3.1}{\376\377\0003\000.\0001\000\040\000Z\000a\000k\000l\000a\000d\000n\000e\000\040\000d\000e\000f\000i\000n\000i\000c\000i\000e}{chapter.3}% 15
\BOOKMARK [2][-]{subsection.3.1.1}{\376\377\0003\000.\0001\000.\0001\000\040\000H\000i\000l\000b\000e\000r\000t\000o\000v\000\040\000p\000r\000i\000e\000s\000t\000o\000r\000\040\000.\000.\000.\000\040\000a\000t\000d}{section.3.1}% 16
\BOOKMARK [2][-]{subsection.3.1.2}{\376\377\0003\000.\0001\000.\0002\000\040\000S\000y\000s\000t\000\351\000m\000\040\000s\000\040\000j\000e\000d\000n\000\375\000m\000\040\000k\000v\000a\000n\000t\000o\000v\000\375\000m\000\040\000b\000i\000t\000o\000m}{section.3.1}% 17
\BOOKMARK [2][-]{subsection.3.1.3}{\376\377\0003\000.\0001\000.\0003\000\040\000S\000y\000s\000t\000e\000m\000\040\000s\000\040\000v\000i\000a\000c\000e\000r\000y\000m\000i\000\040\000k\000v\000a\000n\000t\000o\000v\000y\000m\000i\000\040\000b\000i\000t\000m\000y}{section.3.1}% 18
\BOOKMARK [2][-]{subsection.3.1.4}{\376\377\0003\000.\0001\000.\0004\000\040\000P\000r\000i\000n\000c\000i\000p\000\040\000m\000e\000r\000a\000n\000i\000a}{section.3.1}% 19
\BOOKMARK [0][-]{chapter.4}{\376\377\0004\000\040\000K\000v\000a\000n\000t\000o\000v\000y\000\040\000s\000y\000s\000t\000e\000m}{}% 20
\BOOKMARK [1][-]{section.4.1}{\376\377\0004\000.\0001\000\040\000I\000B\000M\000\040\000Q\000X}{chapter.4}% 21
\BOOKMARK [2][-]{subsection.4.1.1}{\376\377\0004\000.\0001\000.\0001\000\040\000S\000t\000a\000v\000y\000\040\000a\000\040\000i\000c\000h\000\040\000z\000a\000p\000i\000s}{section.4.1}% 22
\BOOKMARK [2][-]{subsection.4.1.2}{\376\377\0004\000.\0001\000.\0002\000\040\000O\000p\000e\000r\000a\000c\000i\000e\000\040\000k\000v\000a\000n\000t\000o\000v\000y\000c\000h\000\040\000h\000r\000a\000d\000i\000e\000l}{section.4.1}% 23
\BOOKMARK [0][-]{chapter.5}{\376\377\0005\000\040\000M\000e\000r\000a\000n\000i\000e\000\040\000j\000e\000d\000n\000o\000d\000u\000c\000h\000\351\000h\000o\000\040\000k\000v\000a\000n\000t\000o\000v\000\351\000h\000o\000\040\000o\000b\000v\000o\000d\000u}{}% 24
\BOOKMARK [0][-]{chapter.6}{\376\377\0006\000\040\000C\000e\000l\000k\000o\000v\000e\000\040\000z\000h\000o\000d\000n\000o\000t\000e\000n\000i\000e\000\040\000v\000y\000s\000l\000e\000d\000k\000o\000v\000\040\000\050\000V\000y\000h\000o\000d\000n\000o\000t\000e\000n\000i\000e\000\051}{}% 25
\BOOKMARK [0][-]{chapter.7}{\376\377\0007\000\040\000Z\000\341\000v\000e\000r}{}% 26
\BOOKMARK [0][-]{section*.5}{\376\377\000L\000i\000t\000e\000r\000a\000t\000\372\000r\000a}{}% 27
